# JRE version: OpenJDK Runtime Environment Temurin-17.0.10+7 (17.0.10+7) (build 17.0.10+7)
# Java VM: OpenJDK 64-Bit Server VM Temurin-17.0.10+7 (17.0.10+7, mixed mode, emulated-client, tiered, compressed oops, compressed class ptrs, g1 gc, windows-amd64)
GC Precious Log:
 CPUs: 8 total, 8 available
 Memory: 7991M
 Large Page Support: Disabled
 NUMA Support: Disabled
 Compressed Oops: Enabled (32-bit)
 Heap Region Size: 1M
 Heap Min Capacity: 8M
 Heap Initial Capacity: 126M
 Heap Max Capacity: 1G
 Pre-touch: Disabled
 Parallel Workers: 8
 Concurrent Workers: 2
 Concurrent Refinement Workers: 8
 Periodic GC: Disabled
Heap:
 garbage-first heap   total 109568K, used 38456K [0x00000000c0000000, 0x0000000100000000)
  region size 1024K, 1 young (1024K), 0 survivors (0K)
 Metaspace       used 60577K, committed 61056K, reserved 1114112K
  class space    used 7564K, committed 7808K, reserved 1048576K
GC Heap History (20 events):
Event: 2877.049 GC heap before
{Heap before GC invocations=229 (full 204):
 garbage-first heap   total 109568K, used 38522K [0x00000000c0000000, 0x0000000100000000)
  region size 1024K, 1 young (1024K), 0 survivors (0K)
 Metaspace       used 60577K, committed 61056K, reserved 1114112K
  class space    used 7564K, committed 7808K, reserved 1048576K
}
Event: 2877.081 GC heap after
{Heap after GC invocations=230 (full 205):
 garbage-first heap   total 109568K, used 38456K [0x00000000c0000000, 0x0000000100000000)
  region size 1024K, 0 young (0K), 0 survivors (0K)
 Metaspace       used 60577K, committed 61056K, reserved 1114112K
  class space    used 7564K, committed 7808K, reserved 1048576K
}
Event: 2887.445 GC heap before
{Heap before GC invocations=230 (full 205):
 garbage-first heap   total 109568K, used 38456K [0x00000000c0000000, 0x0000000100000000)
  region size 1024K, 1 young (1024K), 0 survivors (0K)
 Metaspace       used 60577K, committed 61056K, reserved 1114112K
  class space    used 7564K, committed 7808K, reserved 1048576K
}
Event: 2887.500 GC heap after
{Heap after GC invocations=231 (full 206):
 garbage-first heap   total 109568K, used 38456K [0x00000000c0000000, 0x0000000100000000)
  region size 1024K, 0 young (0K), 0 survivors (0K)
 Metaspace       used 60577K, committed 61056K, reserved 1114112K
  class space    used 7564K, committed 7808K, reserved 1048576K
}
Event: 2898.612 GC heap before
{Heap before GC invocations=231 (full 206):
 garbage-first heap   total 109568K, used 38456K [0x00000000c0000000, 0x0000000100000000)
  region size 1024K, 1 young (1024K), 0 survivors (0K)
 Metaspace       used 60577K, committed 61056K, reserved 1114112K
  class space    used 7564K, committed 7808K, reserved 1048576K
}
Event: 2898.672 GC heap after
{Heap after GC invocations=232 (full 207):
 garbage-first heap   total 109568K, used 38456K [0x00000000c0000000, 0x0000000100000000)
  region size 1024K, 0 young (0K), 0 survivors (0K)
 Metaspace       used 60577K, committed 61056K, reserved 1114112K
  class space    used 7564K, committed 7808K, reserved 1048576K
}
Event: 2912.966 GC heap before
{Heap before GC invocations=232 (full 207):
 garbage-first heap   total 109568K, used 38456K [0x00000000c0000000, 0x0000000100000000)
  region size 1024K, 1 young (1024K), 0 survivors (0K)
 Metaspace       used 60577K, committed 61056K, reserved 1114112K
  class space    used 7564K, committed 7808K, reserved 1048576K
}
Event: 2913.034 GC heap after
{Heap after GC invocations=233 (full 208):
 garbage-first heap   total 109568K, used 38456K [0x00000000c0000000, 0x0000000100000000)
  region size 1024K, 0 young (0K), 0 survivors (0K)
 Metaspace       used 60577K, committed 61056K, reserved 1114112K
  class space    used 7564K, committed 7808K, reserved 1048576K
}
Event: 2924.479 GC heap before
{Heap before GC invocations=233 (full 208):
 garbage-first heap   total 109568K, used 38456K [0x00000000c0000000, 0x0000000100000000)
  region size 1024K, 1 young (1024K), 0 survivors (0K)
 Metaspace       used 60577K, committed 61056K, reserved 1114112K
  class space    used 7564K, committed 7808K, reserved 1048576K
}
Event: 2924.541 GC heap after
{Heap after GC invocations=234 (full 209):
 garbage-first heap   total 109568K, used 38456K [0x00000000c0000000, 0x0000000100000000)
  region size 1024K, 0 young (0K), 0 survivors (0K)
 Metaspace       used 60577K, committed 61056K, reserved 1114112K
  class space    used 7564K, committed 7808K, reserved 1048576K
}
Event: 2934.786 GC heap before
{Heap before GC invocations=234 (full 209):
 garbage-first heap   total 109568K, used 38456K [0x00000000c0000000, 0x0000000100000000)
  region size 1024K, 1 young (1024K), 0 survivors (0K)
 Metaspace       used 60577K, committed 61056K, reserved 1114112K
  class space    used 7564K, committed 7808K, reserved 1048576K
}
Event: 2934.812 GC heap after
{Heap after GC invocations=235 (full 210):
 garbage-first heap   total 109568K, used 38456K [0x00000000c0000000, 0x0000000100000000)
  region size 1024K, 0 young (0K), 0 survivors (0K)
 Metaspace       used 60577K, committed 61056K, reserved 1114112K
  class space    used 7564K, committed 7808K, reserved 1048576K
}
Event: 2945.062 GC heap before
{Heap before GC invocations=235 (full 210):
 garbage-first heap   total 109568K, used 38456K [0x00000000c0000000, 0x0000000100000000)
  region size 1024K, 1 young (1024K), 0 survivors (0K)
 Metaspace       used 60577K, committed 61056K, reserved 1114112K
  class space    used 7564K, committed 7808K, reserved 1048576K
}
Event: 2945.093 GC heap after
{Heap after GC invocations=236 (full 211):
 garbage-first heap   total 109568K, used 38456K [0x00000000c0000000, 0x0000000100000000)
  region size 1024K, 0 young (0K), 0 survivors (0K)
 Metaspace       used 60577K, committed 61056K, reserved 1114112K
  class space    used 7564K, committed 7808K, reserved 1048576K
}
Event: 2955.603 GC heap before
{Heap before GC invocations=236 (full 211):
 garbage-first heap   total 109568K, used 38456K [0x00000000c0000000, 0x0000000100000000)
  region size 1024K, 1 young (1024K), 0 survivors (0K)
 Metaspace       used 60577K, committed 61056K, reserved 1114112K
  class space    used 7564K, committed 7808K, reserved 1048576K
}
Event: 2955.662 GC heap after
{Heap after GC invocations=237 (full 212):
 garbage-first heap   total 109568K, used 38456K [0x00000000c0000000, 0x0000000100000000)
  region size 1024K, 0 young (0K), 0 survivors (0K)
 Metaspace       used 60577K, committed 61056K, reserved 1114112K
  class space    used 7564K, committed 7808K, reserved 1048576K
}
Event: 2965.909 GC heap before
{Heap before GC invocations=237 (full 212):
 garbage-first heap   total 109568K, used 38456K [0x00000000c0000000, 0x0000000100000000)
  region size 1024K, 1 young (1024K), 0 survivors (0K)
 Metaspace       used 60577K, committed 61056K, reserved 1114112K
  class space    used 7564K, committed 7808K, reserved 1048576K
}
Event: 2965.944 GC heap after
{Heap after GC invocations=238 (full 213):
 garbage-first heap   total 109568K, used 38456K [0x00000000c0000000, 0x0000000100000000)
  region size 1024K, 0 young (0K), 0 survivors (0K)
 Metaspace       used 60577K, committed 61056K, reserved 1114112K
  class space    used 7564K, committed 7808K, reserved 1048576K
}
Event: 2976.242 GC heap before
{Heap before GC invocations=238 (full 213):
 garbage-first heap   total 109568K, used 38456K [0x00000000c0000000, 0x0000000100000000)
  region size 1024K, 1 young (1024K), 0 survivors (0K)
 Metaspace       used 60577K, committed 61056K, reserved 1114112K
  class space    used 7564K, committed 7808K, reserved 1048576K
}
Event: 2976.298 GC heap after
{Heap after GC invocations=239 (full 214):
 garbage-first heap   total 109568K, used 38456K [0x00000000c0000000, 0x0000000100000000)
  region size 1024K, 0 young (0K), 0 survivors (0K)
 Metaspace       used 60577K, committed 61056K, reserved 1114112K
  class space    used 7564K, committed 7808K, reserved 1048576K
}

